[1.238s] Invoking command in '/home/sanjay/cart_sim_ws/src/logistic_cart_sim': DEBUGINFOD_URLS=https://debuginfod.ubuntu.com PYTHONPATH=/home/sanjay/cart_sim_ws/build/logistic_cart_sim/prefix_override:/usr/lib/python3/dist-packages/colcon_core/task/python/colcon_distutils_commands:/home/sanjay/cart_sim_ws/install/logistic_cart_sim/lib/python3.12/site-packages:${PYTHONPATH} /usr/bin/python3 -W ignore:setup.py install is deprecated -W ignore:easy_install command is deprecated setup.py egg_info --egg-base ../../build/logistic_cart_sim build --build-base /home/sanjay/cart_sim_ws/build/logistic_cart_sim/build install --record /home/sanjay/cart_sim_ws/build/logistic_cart_sim/install.log --single-version-externally-managed install_data
[1.538s] running egg_info
[1.540s] creating ../../build/logistic_cart_sim/logistic_cart_sim.egg-info
[1.558s] writing ../../build/logistic_cart_sim/logistic_cart_sim.egg-info/PKG-INFO
[1.558s] writing dependency_links to ../../build/logistic_cart_sim/logistic_cart_sim.egg-info/dependency_links.txt
[1.558s] writing requirements to ../../build/logistic_cart_sim/logistic_cart_sim.egg-info/requires.txt
[1.558s] writing top-level names to ../../build/logistic_cart_sim/logistic_cart_sim.egg-info/top_level.txt
[1.558s] writing manifest file '../../build/logistic_cart_sim/logistic_cart_sim.egg-info/SOURCES.txt'
[1.598s] reading manifest file '../../build/logistic_cart_sim/logistic_cart_sim.egg-info/SOURCES.txt'
[1.598s] writing manifest file '../../build/logistic_cart_sim/logistic_cart_sim.egg-info/SOURCES.txt'
[1.599s] running build
[1.599s] running build_py
[1.599s] creating /home/sanjay/cart_sim_ws/build/logistic_cart_sim/build
[1.599s] creating /home/sanjay/cart_sim_ws/build/logistic_cart_sim/build/lib
[1.599s] creating /home/sanjay/cart_sim_ws/build/logistic_cart_sim/build/lib/logistic_cart_sim
[1.599s] copying logistic_cart_sim/__init__.py -> /home/sanjay/cart_sim_ws/build/logistic_cart_sim/build/lib/logistic_cart_sim
[1.599s] running install
[1.606s] running install_lib
[1.627s] creating /home/sanjay/cart_sim_ws/install/logistic_cart_sim/lib/python3.12/site-packages/logistic_cart_sim
[1.627s] copying /home/sanjay/cart_sim_ws/build/logistic_cart_sim/build/lib/logistic_cart_sim/__init__.py -> /home/sanjay/cart_sim_ws/install/logistic_cart_sim/lib/python3.12/site-packages/logistic_cart_sim
[1.628s] byte-compiling /home/sanjay/cart_sim_ws/install/logistic_cart_sim/lib/python3.12/site-packages/logistic_cart_sim/__init__.py to __init__.cpython-312.pyc
[1.628s] running install_data
[1.628s] creating /home/sanjay/cart_sim_ws/install/logistic_cart_sim/share/ament_index
[1.628s] creating /home/sanjay/cart_sim_ws/install/logistic_cart_sim/share/ament_index/resource_index
[1.628s] creating /home/sanjay/cart_sim_ws/install/logistic_cart_sim/share/ament_index/resource_index/packages
[1.628s] copying resource/logistic_cart_sim -> /home/sanjay/cart_sim_ws/install/logistic_cart_sim/share/ament_index/resource_index/packages
[1.628s] copying package.xml -> /home/sanjay/cart_sim_ws/install/logistic_cart_sim/share/logistic_cart_sim
[1.628s] creating /home/sanjay/cart_sim_ws/install/logistic_cart_sim/share/logistic_cart_sim/launch
[1.629s] copying launch/sim.launch.py -> /home/sanjay/cart_sim_ws/install/logistic_cart_sim/share/logistic_cart_sim/launch
[1.629s] creating /home/sanjay/cart_sim_ws/install/logistic_cart_sim/share/logistic_cart_sim/urdf
[1.629s] copying urdf/logistic_cart.urdf.xacro -> /home/sanjay/cart_sim_ws/install/logistic_cart_sim/share/logistic_cart_sim/urdf
[1.629s] creating /home/sanjay/cart_sim_ws/install/logistic_cart_sim/share/logistic_cart_sim/worlds
[1.629s] copying worlds/warehouse.world -> /home/sanjay/cart_sim_ws/install/logistic_cart_sim/share/logistic_cart_sim/worlds
[1.629s] running install_egg_info
[1.651s] Copying ../../build/logistic_cart_sim/logistic_cart_sim.egg-info to /home/sanjay/cart_sim_ws/install/logistic_cart_sim/lib/python3.12/site-packages/logistic_cart_sim-0.0.0-py3.12.egg-info
[1.652s] running install_scripts
[1.793s] writing list of installed files to '/home/sanjay/cart_sim_ws/build/logistic_cart_sim/install.log'
[1.825s] Invoked command in '/home/sanjay/cart_sim_ws/src/logistic_cart_sim' returned '0': DEBUGINFOD_URLS=https://debuginfod.ubuntu.com PYTHONPATH=/home/sanjay/cart_sim_ws/build/logistic_cart_sim/prefix_override:/usr/lib/python3/dist-packages/colcon_core/task/python/colcon_distutils_commands:/home/sanjay/cart_sim_ws/install/logistic_cart_sim/lib/python3.12/site-packages:${PYTHONPATH} /usr/bin/python3 -W ignore:setup.py install is deprecated -W ignore:easy_install command is deprecated setup.py egg_info --egg-base ../../build/logistic_cart_sim build --build-base /home/sanjay/cart_sim_ws/build/logistic_cart_sim/build install --record /home/sanjay/cart_sim_ws/build/logistic_cart_sim/install.log --single-version-externally-managed install_data
